<?xml version="1.0" encoding="UTF-8"?>
<testsuite xmlns:xsi="http://www.w3.org/2001/XMLSchema-instance" xsi:noNamespaceSchemaLocation="https://maven.apache.org/surefire/maven-surefire-plugin/xsd/surefire-test-report.xsd" name="TestSuite" time="542.825" tests="4" errors="0" skipped="0" failures="1">
  <properties>
    <property name="sun.desktop" value="windows"/>
    <property name="awt.toolkit" value="sun.awt.windows.WToolkit"/>
    <property name="file.encoding.pkg" value="sun.io"/>
    <property name="java.specification.version" value="1.8"/>
    <property name="sun.cpu.isalist" value="amd64"/>
    <property name="sun.jnu.encoding" value="Cp1252"/>
    <property name="java.class.path" value="C:\Git\shorten\target\test-classes;C:\Git\shorten\target\classes;C:\Users\erez.naim\.m2\repository\org\seleniumhq\selenium\selenium-java\3.141.0\selenium-java-3.141.0.jar;C:\Users\erez.naim\.m2\repository\org\seleniumhq\selenium\selenium-api\3.141.0\selenium-api-3.141.0.jar;C:\Users\erez.naim\.m2\repository\org\seleniumhq\selenium\selenium-edge-driver\3.141.0\selenium-edge-driver-3.141.0.jar;C:\Users\erez.naim\.m2\repository\org\seleniumhq\selenium\selenium-firefox-driver\3.141.0\selenium-firefox-driver-3.141.0.jar;C:\Users\erez.naim\.m2\repository\org\seleniumhq\selenium\selenium-ie-driver\3.141.0\selenium-ie-driver-3.141.0.jar;C:\Users\erez.naim\.m2\repository\org\seleniumhq\selenium\selenium-opera-driver\3.141.0\selenium-opera-driver-3.141.0.jar;C:\Users\erez.naim\.m2\repository\org\seleniumhq\selenium\selenium-remote-driver\3.141.0\selenium-remote-driver-3.141.0.jar;C:\Users\erez.naim\.m2\repository\org\seleniumhq\selenium\selenium-safari-driver\3.141.0\selenium-safari-driver-3.141.0.jar;C:\Users\erez.naim\.m2\repository\org\seleniumhq\selenium\selenium-support\3.141.0\selenium-support-3.141.0.jar;C:\Users\erez.naim\.m2\repository\net\bytebuddy\byte-buddy\1.8.15\byte-buddy-1.8.15.jar;C:\Users\erez.naim\.m2\repository\org\apache\commons\commons-exec\1.3\commons-exec-1.3.jar;C:\Users\erez.naim\.m2\repository\com\google\guava\guava\25.0-jre\guava-25.0-jre.jar;C:\Users\erez.naim\.m2\repository\com\google\code\findbugs\jsr305\1.3.9\jsr305-1.3.9.jar;C:\Users\erez.naim\.m2\repository\org\checkerframework\checker-compat-qual\2.0.0\checker-compat-qual-2.0.0.jar;C:\Users\erez.naim\.m2\repository\com\google\errorprone\error_prone_annotations\2.1.3\error_prone_annotations-2.1.3.jar;C:\Users\erez.naim\.m2\repository\com\google\j2objc\j2objc-annotations\1.1\j2objc-annotations-1.1.jar;C:\Users\erez.naim\.m2\repository\org\codehaus\mojo\animal-sniffer-annotations\1.14\animal-sniffer-annotations-1.14.jar;C:\Users\erez.naim\.m2\repository\com\squareup\okhttp3\okhttp\3.11.0\okhttp-3.11.0.jar;C:\Users\erez.naim\.m2\repository\com\squareup\okio\okio\1.14.0\okio-1.14.0.jar;C:\Users\erez.naim\.m2\repository\org\testng\testng\6.14.3\testng-6.14.3.jar;C:\Users\erez.naim\.m2\repository\com\beust\jcommander\1.72\jcommander-1.72.jar;C:\Users\erez.naim\.m2\repository\org\apache-extras\beanshell\bsh\2.0b6\bsh-2.0b6.jar;C:\Users\erez.naim\.m2\repository\ch\qos\logback\logback-classic\1.3.0-alpha4\logback-classic-1.3.0-alpha4.jar;C:\Users\erez.naim\.m2\repository\ch\qos\logback\logback-core\1.3.0-alpha4\logback-core-1.3.0-alpha4.jar;C:\Users\erez.naim\.m2\repository\com\sun\mail\javax.mail\1.6.0\javax.mail-1.6.0.jar;C:\Users\erez.naim\.m2\repository\javax\activation\activation\1.1\activation-1.1.jar;C:\Users\erez.naim\.m2\repository\org\seleniumhq\selenium\selenium-server\3.14.0\selenium-server-3.14.0.jar;C:\Users\erez.naim\.m2\repository\org\apache\commons\commons-lang3\3.7\commons-lang3-3.7.jar;C:\Users\erez.naim\.m2\repository\org\apache\commons\commons-text\1.1\commons-text-1.1.jar;C:\Users\erez.naim\.m2\repository\commons-codec\commons-codec\1.10\commons-codec-1.10.jar;C:\Users\erez.naim\.m2\repository\commons-io\commons-io\2.6\commons-io-2.6.jar;C:\Users\erez.naim\.m2\repository\commons-logging\commons-logging\1.2\commons-logging-1.2.jar;C:\Users\erez.naim\.m2\repository\commons-net\commons-net\3.6\commons-net-3.6.jar;C:\Users\erez.naim\.m2\repository\net\sourceforge\htmlunit\htmlunit\2.30\htmlunit-2.30.jar;C:\Users\erez.naim\.m2\repository\net\sourceforge\htmlunit\htmlunit-core-js\2.28\htmlunit-core-js-2.28.jar;C:\Users\erez.naim\.m2\repository\net\sourceforge\htmlunit\htmlunit-cssparser\1.0.0\htmlunit-cssparser-1.0.0.jar;C:\Users\erez.naim\.m2\repository\net\sourceforge\htmlunit\neko-htmlunit\2.30\neko-htmlunit-2.30.jar;C:\Users\erez.naim\.m2\repository\org\apache\httpcomponents\httpclient\4.5.5\httpclient-4.5.5.jar;C:\Users\erez.naim\.m2\repository\org\apache\httpcomponents\httpcore\4.4.9\httpcore-4.4.9.jar;C:\Users\erez.naim\.m2\repository\org\apache\httpcomponents\httpmime\4.5.5\httpmime-4.5.5.jar;C:\Users\erez.naim\.m2\repository\net\jcip\jcip-annotations\1.0\jcip-annotations-1.0.jar;C:\Users\erez.naim\.m2\repository\org\seleniumhq\selenium\jetty-repacked\9.4.8.v20180619\jetty-repacked-9.4.8.v20180619.jar;C:\Users\erez.naim\.m2\repository\org\eclipse\jetty\jetty-client\9.4.8.v20180619\jetty-client-9.4.8.v20180619.jar;C:\Users\erez.naim\.m2\repository\org\eclipse\jetty\jetty-http\9.4.8.v20180619\jetty-http-9.4.8.v20180619.jar;C:\Users\erez.naim\.m2\repository\org\eclipse\jetty\jetty-io\9.4.8.v20180619\jetty-io-9.4.8.v20180619.jar;C:\Users\erez.naim\.m2\repository\org\eclipse\jetty\jetty-util\9.4.8.v20180619\jetty-util-9.4.8.v20180619.jar;C:\Users\erez.naim\.m2\repository\org\eclipse\jetty\jetty-xml\9.4.8.v20180619\jetty-xml-9.4.8.v20180619.jar;C:\Users\erez.naim\.m2\repository\org\seleniumhq\selenium\htmlunit-driver\2.30.0\htmlunit-driver-2.30.0.jar;C:\Users\erez.naim\.m2\repository\javax\servlet\javax.servlet-api\3.1.0\javax.servlet-api-3.1.0.jar;C:\Users\erez.naim\.m2\repository\org\eclipse\jetty\websocket\websocket-api\9.4.8.v20180619\websocket-api-9.4.8.v20180619.jar;C:\Users\erez.naim\.m2\repository\org\eclipse\jetty\websocket\websocket-client\9.4.8.v20180619\websocket-client-9.4.8.v20180619.jar;C:\Users\erez.naim\.m2\repository\org\eclipse\jetty\websocket\websocket-common\9.4.8.v20180619\websocket-common-9.4.8.v20180619.jar;C:\Users\erez.naim\.m2\repository\xalan\serializer\2.7.2\serializer-2.7.2.jar;C:\Users\erez.naim\.m2\repository\xalan\xalan\2.7.2\xalan-2.7.2.jar;C:\Users\erez.naim\.m2\repository\xerces\xercesImpl\2.11.0\xercesImpl-2.11.0.jar;C:\Users\erez.naim\.m2\repository\xml-apis\xml-apis\1.4.01\xml-apis-1.4.01.jar;C:\Users\erez.naim\.m2\repository\org\yaml\snakeyaml\1.19\snakeyaml-1.19.jar;C:\Users\erez.naim\.m2\repository\org\seleniumhq\selenium\selenium-chrome-driver\3.141.0\selenium-chrome-driver-3.141.0.jar;C:\Users\erez.naim\.m2\repository\com\typesafe\config\1.2.1\config-1.2.1.jar;C:\Users\erez.naim\.m2\repository\com\codeborne\phantomjsdriver\1.2.1\phantomjsdriver-1.2.1.jar;C:\Users\erez.naim\.m2\repository\org\slf4j\slf4j-api\1.8.0-beta1\slf4j-api-1.8.0-beta1.jar;C:\Users\erez.naim\.m2\repository\org\apache\maven\surefire\surefire-testng-utils\2.20.1\surefire-testng-utils-2.20.1.jar;C:\Users\erez.naim\.m2\repository\org\apache\maven\surefire\surefire-grouper\2.20.1\surefire-grouper-2.20.1.jar;"/>
    <property name="java.vm.vendor" value="Oracle Corporation"/>
    <property name="sun.arch.data.model" value="64"/>
    <property name="user.variant" value=""/>
    <property name="java.vendor.url" value="http://java.oracle.com/"/>
    <property name="user.timezone" value=""/>
    <property name="java.vm.specification.version" value="1.8"/>
    <property name="os.name" value="Windows 10"/>
    <property name="user.country" value="US"/>
    <property name="sun.java.launcher" value="SUN_STANDARD"/>
    <property name="sun.boot.library.path" value="C:\Program Files\Java\jdk1.8.0_151\jre\bin"/>
    <property name="sun.java.command" value="C:\Users\EREZ~1.NAI\AppData\Local\Temp\surefire2071831973263037729\surefirebooter2850263310557147109.jar C:\Users\erez.naim\AppData\Local\Temp\surefire2071831973263037729 2018-11-08T17-23-30_055-jvmRun1 surefire2314619031047613075tmp surefire_04813503159388698425tmp"/>
    <property name="surefire.test.class.path" value="C:\Git\shorten\target\test-classes;C:\Git\shorten\target\classes;C:\Users\erez.naim\.m2\repository\org\seleniumhq\selenium\selenium-java\3.141.0\selenium-java-3.141.0.jar;C:\Users\erez.naim\.m2\repository\org\seleniumhq\selenium\selenium-api\3.141.0\selenium-api-3.141.0.jar;C:\Users\erez.naim\.m2\repository\org\seleniumhq\selenium\selenium-edge-driver\3.141.0\selenium-edge-driver-3.141.0.jar;C:\Users\erez.naim\.m2\repository\org\seleniumhq\selenium\selenium-firefox-driver\3.141.0\selenium-firefox-driver-3.141.0.jar;C:\Users\erez.naim\.m2\repository\org\seleniumhq\selenium\selenium-ie-driver\3.141.0\selenium-ie-driver-3.141.0.jar;C:\Users\erez.naim\.m2\repository\org\seleniumhq\selenium\selenium-opera-driver\3.141.0\selenium-opera-driver-3.141.0.jar;C:\Users\erez.naim\.m2\repository\org\seleniumhq\selenium\selenium-remote-driver\3.141.0\selenium-remote-driver-3.141.0.jar;C:\Users\erez.naim\.m2\repository\org\seleniumhq\selenium\selenium-safari-driver\3.141.0\selenium-safari-driver-3.141.0.jar;C:\Users\erez.naim\.m2\repository\org\seleniumhq\selenium\selenium-support\3.141.0\selenium-support-3.141.0.jar;C:\Users\erez.naim\.m2\repository\net\bytebuddy\byte-buddy\1.8.15\byte-buddy-1.8.15.jar;C:\Users\erez.naim\.m2\repository\org\apache\commons\commons-exec\1.3\commons-exec-1.3.jar;C:\Users\erez.naim\.m2\repository\com\google\guava\guava\25.0-jre\guava-25.0-jre.jar;C:\Users\erez.naim\.m2\repository\com\google\code\findbugs\jsr305\1.3.9\jsr305-1.3.9.jar;C:\Users\erez.naim\.m2\repository\org\checkerframework\checker-compat-qual\2.0.0\checker-compat-qual-2.0.0.jar;C:\Users\erez.naim\.m2\repository\com\google\errorprone\error_prone_annotations\2.1.3\error_prone_annotations-2.1.3.jar;C:\Users\erez.naim\.m2\repository\com\google\j2objc\j2objc-annotations\1.1\j2objc-annotations-1.1.jar;C:\Users\erez.naim\.m2\repository\org\codehaus\mojo\animal-sniffer-annotations\1.14\animal-sniffer-annotations-1.14.jar;C:\Users\erez.naim\.m2\repository\com\squareup\okhttp3\okhttp\3.11.0\okhttp-3.11.0.jar;C:\Users\erez.naim\.m2\repository\com\squareup\okio\okio\1.14.0\okio-1.14.0.jar;C:\Users\erez.naim\.m2\repository\org\testng\testng\6.14.3\testng-6.14.3.jar;C:\Users\erez.naim\.m2\repository\com\beust\jcommander\1.72\jcommander-1.72.jar;C:\Users\erez.naim\.m2\repository\org\apache-extras\beanshell\bsh\2.0b6\bsh-2.0b6.jar;C:\Users\erez.naim\.m2\repository\ch\qos\logback\logback-classic\1.3.0-alpha4\logback-classic-1.3.0-alpha4.jar;C:\Users\erez.naim\.m2\repository\ch\qos\logback\logback-core\1.3.0-alpha4\logback-core-1.3.0-alpha4.jar;C:\Users\erez.naim\.m2\repository\com\sun\mail\javax.mail\1.6.0\javax.mail-1.6.0.jar;C:\Users\erez.naim\.m2\repository\javax\activation\activation\1.1\activation-1.1.jar;C:\Users\erez.naim\.m2\repository\org\seleniumhq\selenium\selenium-server\3.14.0\selenium-server-3.14.0.jar;C:\Users\erez.naim\.m2\repository\org\apache\commons\commons-lang3\3.7\commons-lang3-3.7.jar;C:\Users\erez.naim\.m2\repository\org\apache\commons\commons-text\1.1\commons-text-1.1.jar;C:\Users\erez.naim\.m2\repository\commons-codec\commons-codec\1.10\commons-codec-1.10.jar;C:\Users\erez.naim\.m2\repository\commons-io\commons-io\2.6\commons-io-2.6.jar;C:\Users\erez.naim\.m2\repository\commons-logging\commons-logging\1.2\commons-logging-1.2.jar;C:\Users\erez.naim\.m2\repository\commons-net\commons-net\3.6\commons-net-3.6.jar;C:\Users\erez.naim\.m2\repository\net\sourceforge\htmlunit\htmlunit\2.30\htmlunit-2.30.jar;C:\Users\erez.naim\.m2\repository\net\sourceforge\htmlunit\htmlunit-core-js\2.28\htmlunit-core-js-2.28.jar;C:\Users\erez.naim\.m2\repository\net\sourceforge\htmlunit\htmlunit-cssparser\1.0.0\htmlunit-cssparser-1.0.0.jar;C:\Users\erez.naim\.m2\repository\net\sourceforge\htmlunit\neko-htmlunit\2.30\neko-htmlunit-2.30.jar;C:\Users\erez.naim\.m2\repository\org\apache\httpcomponents\httpclient\4.5.5\httpclient-4.5.5.jar;C:\Users\erez.naim\.m2\repository\org\apache\httpcomponents\httpcore\4.4.9\httpcore-4.4.9.jar;C:\Users\erez.naim\.m2\repository\org\apache\httpcomponents\httpmime\4.5.5\httpmime-4.5.5.jar;C:\Users\erez.naim\.m2\repository\net\jcip\jcip-annotations\1.0\jcip-annotations-1.0.jar;C:\Users\erez.naim\.m2\repository\org\seleniumhq\selenium\jetty-repacked\9.4.8.v20180619\jetty-repacked-9.4.8.v20180619.jar;C:\Users\erez.naim\.m2\repository\org\eclipse\jetty\jetty-client\9.4.8.v20180619\jetty-client-9.4.8.v20180619.jar;C:\Users\erez.naim\.m2\repository\org\eclipse\jetty\jetty-http\9.4.8.v20180619\jetty-http-9.4.8.v20180619.jar;C:\Users\erez.naim\.m2\repository\org\eclipse\jetty\jetty-io\9.4.8.v20180619\jetty-io-9.4.8.v20180619.jar;C:\Users\erez.naim\.m2\repository\org\eclipse\jetty\jetty-util\9.4.8.v20180619\jetty-util-9.4.8.v20180619.jar;C:\Users\erez.naim\.m2\repository\org\eclipse\jetty\jetty-xml\9.4.8.v20180619\jetty-xml-9.4.8.v20180619.jar;C:\Users\erez.naim\.m2\repository\org\seleniumhq\selenium\htmlunit-driver\2.30.0\htmlunit-driver-2.30.0.jar;C:\Users\erez.naim\.m2\repository\javax\servlet\javax.servlet-api\3.1.0\javax.servlet-api-3.1.0.jar;C:\Users\erez.naim\.m2\repository\org\eclipse\jetty\websocket\websocket-api\9.4.8.v20180619\websocket-api-9.4.8.v20180619.jar;C:\Users\erez.naim\.m2\repository\org\eclipse\jetty\websocket\websocket-client\9.4.8.v20180619\websocket-client-9.4.8.v20180619.jar;C:\Users\erez.naim\.m2\repository\org\eclipse\jetty\websocket\websocket-common\9.4.8.v20180619\websocket-common-9.4.8.v20180619.jar;C:\Users\erez.naim\.m2\repository\xalan\serializer\2.7.2\serializer-2.7.2.jar;C:\Users\erez.naim\.m2\repository\xalan\xalan\2.7.2\xalan-2.7.2.jar;C:\Users\erez.naim\.m2\repository\xerces\xercesImpl\2.11.0\xercesImpl-2.11.0.jar;C:\Users\erez.naim\.m2\repository\xml-apis\xml-apis\1.4.01\xml-apis-1.4.01.jar;C:\Users\erez.naim\.m2\repository\org\yaml\snakeyaml\1.19\snakeyaml-1.19.jar;C:\Users\erez.naim\.m2\repository\org\seleniumhq\selenium\selenium-chrome-driver\3.141.0\selenium-chrome-driver-3.141.0.jar;C:\Users\erez.naim\.m2\repository\com\typesafe\config\1.2.1\config-1.2.1.jar;C:\Users\erez.naim\.m2\repository\com\codeborne\phantomjsdriver\1.2.1\phantomjsdriver-1.2.1.jar;C:\Users\erez.naim\.m2\repository\org\slf4j\slf4j-api\1.8.0-beta1\slf4j-api-1.8.0-beta1.jar;C:\Users\erez.naim\.m2\repository\org\apache\maven\surefire\surefire-testng-utils\2.20.1\surefire-testng-utils-2.20.1.jar;C:\Users\erez.naim\.m2\repository\org\apache\maven\surefire\surefire-grouper\2.20.1\surefire-grouper-2.20.1.jar;"/>
    <property name="sun.cpu.endian" value="little"/>
    <property name="user.home" value="C:\Users\erez.naim"/>
    <property name="user.language" value="en"/>
    <property name="java.specification.vendor" value="Oracle Corporation"/>
    <property name="java.home" value="C:\Program Files\Java\jdk1.8.0_151\jre"/>
    <property name="basedir" value="C:\Git\shorten"/>
    <property name="file.separator" value="\"/>
    <property name="line.separator" value="&#10;"/>
    <property name="java.vm.specification.vendor" value="Oracle Corporation"/>
    <property name="java.specification.name" value="Java Platform API Specification"/>
    <property name="java.awt.graphicsenv" value="sun.awt.Win32GraphicsEnvironment"/>
    <property name="surefire.real.class.path" value="C:\Users\EREZ~1.NAI\AppData\Local\Temp\surefire2071831973263037729\surefirebooter2850263310557147109.jar"/>
    <property name="sun.boot.class.path" value="C:\Program Files\Java\jdk1.8.0_151\jre\lib\resources.jar;C:\Program Files\Java\jdk1.8.0_151\jre\lib\rt.jar;C:\Program Files\Java\jdk1.8.0_151\jre\lib\sunrsasign.jar;C:\Program Files\Java\jdk1.8.0_151\jre\lib\jsse.jar;C:\Program Files\Java\jdk1.8.0_151\jre\lib\jce.jar;C:\Program Files\Java\jdk1.8.0_151\jre\lib\charsets.jar;C:\Program Files\Java\jdk1.8.0_151\jre\lib\jfr.jar;C:\Program Files\Java\jdk1.8.0_151\jre\classes"/>
    <property name="user.script" value=""/>
    <property name="sun.management.compiler" value="HotSpot 64-Bit Tiered Compilers"/>
    <property name="java.runtime.version" value="1.8.0_151-b12"/>
    <property name="user.name" value="Erez.Naim"/>
    <property name="path.separator" value=";"/>
    <property name="os.version" value="10.0"/>
    <property name="java.endorsed.dirs" value="C:\Program Files\Java\jdk1.8.0_151\jre\lib\endorsed"/>
    <property name="java.runtime.name" value="Java(TM) SE Runtime Environment"/>
    <property name="file.encoding" value="Cp1252"/>
    <property name="java.vm.name" value="Java HotSpot(TM) 64-Bit Server VM"/>
    <property name="localRepository" value="C:\Users\erez.naim\.m2\repository"/>
    <property name="java.vendor.url.bug" value="http://bugreport.sun.com/bugreport/"/>
    <property name="java.io.tmpdir" value="C:\Users\EREZ~1.NAI\AppData\Local\Temp\"/>
    <property name="java.version" value="1.8.0_151"/>
    <property name="user.dir" value="C:\Git\shorten"/>
    <property name="os.arch" value="amd64"/>
    <property name="java.vm.specification.name" value="Java Virtual Machine Specification"/>
    <property name="java.awt.printerjob" value="sun.awt.windows.WPrinterJob"/>
    <property name="sun.os.patch.level" value=""/>
    <property name="java.library.path" value="C:\Program Files\Java\jdk1.8.0_151\jre\bin;C:\WINDOWS\Sun\Java\bin;C:\WINDOWS\system32;C:\WINDOWS;C:\Python27\;C:\Python27\Scripts;C:\Program Files (x86)\Common Files\Oracle\Java\javapath;C:\app\Erez.Naim\virtual\product\12.2.0\dbhome_1\bin;C:\ProgramData\Oracle\Java\javapath;C:\WINDOWS\system32;C:\WINDOWS;C:\WINDOWS\System32\Wbem;C:\WINDOWS\System32\WindowsPowerShell\v1.0\;C:\Program Files\Java\jdk1.8.0_151\bin;C:\Program Files\PuTTY\;C:\Program Files\Git\cmd;C:\Program Files\Git\mingw64\bin;C:\Program Files\Git\usr\bin;C:\Program Files (x86)\sbt\bin;C:\Users\erez.naim\IdeaProjects\pipe_regression\Maven\apache-maven-3.5.2\bin\;C:\Program Files (x86)\Microsoft SQL Server\Client SDK\ODBC\130\Tools\Binn\;C:\Program Files (x86)\Microsoft SQL Server\140\Tools\Binn\;C:\Program Files (x86)\Microsoft SQL Server\140\DTS\Binn\;C:\Program Files (x86)\Microsoft SQL Server\140\Tools\Binn\ManagementStudio\;C:\Program Files\Amazon\AWSCLI\;C:\Program Files\dotnet\;C:\Program Files\Microsoft SQL Server\130\Tools\Binn\;C:\Program Files\Intel\WiFi\bin\;C:\Program Files\Common Files\Intel\WirelessCommon\;C:\WINDOWS\System32\OpenSSH\;C:\Users\erez.naim\AppData\Local\Microsoft\WindowsApps;C:\Users\erez.naim\AppData\Local\Programs\Fiddler;C:\Program Files\Intel\WiFi\bin\;C:\Program Files\Common Files\Intel\WirelessCommon\;%USERPROFILE%\AppData\Local\Microsoft\WindowsApps;;."/>
    <property name="java.vm.info" value="mixed mode"/>
    <property name="java.vendor" value="Oracle Corporation"/>
    <property name="java.vm.version" value="25.151-b12"/>
    <property name="java.ext.dirs" value="C:\Program Files\Java\jdk1.8.0_151\jre\lib\ext;C:\WINDOWS\Sun\Java\lib\ext"/>
    <property name="sun.io.unicode.encoding" value="UnicodeLittle"/>
    <property name="java.class.version" value="52.0"/>
  </properties>
  <testcase name="shouldAnswerWithTrue" classname="com.keywee.shorten.AppTest" time="0.009"/>
  <testcase name="sameLinkWillProduceTheSameShortLink" classname="com.keywee.shorten.TestClassForService" time="77.029"/>
  <testcase name="testShortExapndsToOriginalLink" classname="com.keywee.shorten.TestClassForService" time="354.496">
    <failure message="timeout&#10;  (Session info: chrome=70.0.3538.77)&#10;  (Driver info: chromedriver=2.43.600210 (68dcf5eebde37173d4027fa8635e332711d2874a),platform=Windows NT 10.0.17134 x86_64) (WARNING: The server did not provide any stacktrace information)&#10;Command duration or timeout: 0 milliseconds&#10;Build info: version: &apos;3.141.0&apos;, revision: &apos;2ecb7d9a&apos;, time: &apos;2018-10-31T20:09:30&apos;&#10;System info: host: &apos;QA-EREZ&apos;, ip: &apos;192.168.1.194&apos;, os.name: &apos;Windows 10&apos;, os.arch: &apos;amd64&apos;, os.version: &apos;10.0&apos;, java.version: &apos;1.8.0_151&apos;&#10;Driver info: org.openqa.selenium.chrome.ChromeDriver&#10;Capabilities {acceptInsecureCerts: false, acceptSslCerts: false, applicationCacheEnabled: false, browserConnectionEnabled: false, browserName: chrome, chrome: {chromedriverVersion: 2.43.600210 (68dcf5eebde371..., userDataDir: C:\Users\EREZ~1.NAI\AppData...}, cssSelectorsEnabled: true, databaseEnabled: false, goog:chromeOptions: {debuggerAddress: localhost:57947}, handlesAlerts: true, hasTouchScreen: false, javascriptEnabled: true, locationContextEnabled: true, mobileEmulationEnabled: false, nativeEvents: true, networkConnectionEnabled: false, pageLoadStrategy: normal, platform: XP, platformName: XP, rotatable: false, setWindowRect: true, takesHeapSnapshot: true, takesScreenshot: true, unexpectedAlertBehaviour: , unhandledPromptBehavior: , version: 70.0.3538.77, webStorageEnabled: true}&#10;Session ID: 13921d70ba607ea4e03328116e3b351f" type="org.openqa.selenium.TimeoutException">org.openqa.selenium.TimeoutException: 
timeout
  (Session info: chrome=70.0.3538.77)
  (Driver info: chromedriver=2.43.600210 (68dcf5eebde37173d4027fa8635e332711d2874a),platform=Windows NT 10.0.17134 x86_64) (WARNING: The server did not provide any stacktrace information)
Command duration or timeout: 0 milliseconds
Build info: version: '3.141.0', revision: '2ecb7d9a', time: '2018-10-31T20:09:30'
System info: host: 'QA-EREZ', ip: '192.168.1.194', os.name: 'Windows 10', os.arch: 'amd64', os.version: '10.0', java.version: '1.8.0_151'
Driver info: org.openqa.selenium.chrome.ChromeDriver
Capabilities {acceptInsecureCerts: false, acceptSslCerts: false, applicationCacheEnabled: false, browserConnectionEnabled: false, browserName: chrome, chrome: {chromedriverVersion: 2.43.600210 (68dcf5eebde371..., userDataDir: C:\Users\EREZ~1.NAI\AppData...}, cssSelectorsEnabled: true, databaseEnabled: false, goog:chromeOptions: {debuggerAddress: localhost:57947}, handlesAlerts: true, hasTouchScreen: false, javascriptEnabled: true, locationContextEnabled: true, mobileEmulationEnabled: false, nativeEvents: true, networkConnectionEnabled: false, pageLoadStrategy: normal, platform: XP, platformName: XP, rotatable: false, setWindowRect: true, takesHeapSnapshot: true, takesScreenshot: true, unexpectedAlertBehaviour: , unhandledPromptBehavior: , version: 70.0.3538.77, webStorageEnabled: true}
Session ID: 13921d70ba607ea4e03328116e3b351f
	at com.keywee.shorten.TestClassForService.testShortExapndsToOriginalLink(TestClassForService.java:42)
</failure>
    <system-out><![CDATA[2018-11-08 17:24:49 [main] INFO  com.keywee.shorten.ConnectAndBrowse - System OS is: Windows 10
2018-11-08 17:24:49 [main] INFO  com.keywee.shorten.ConnectAndBrowse - Setting the correct os WebDriver driver...
2018-11-08 17:24:52 [main] INFO  com.keywee.shorten.ConnectAndBrowse - Getting the base url for SUT
2018-11-08 17:25:38 [main] INFO  com.keywee.shorten.ConnectAndBrowse - Going to shorten the long link: https://www.amazon.com/Kindle-Wireless-Reading-Display-Globally/dp/B003FSUDM4/ref=amb_link_353259562_2?pf_rd_m=ATVPDKIKX0DER&pf_rd_s=center-10&pf_rd_r=11EYKTN682A79T370AM3&pf_rd_t=201&pf_rd_p=1270985982&pf_rd_i=B002Y27P3M
2018-11-08 17:25:42 [main] INFO  com.keywee.shorten.ConnectAndBrowse - Returning driver from com.keywee.shorten.ConnectAndBrowse
]]></system-out>
    <system-err><![CDATA[Starting ChromeDriver 2.43.600210 (68dcf5eebde37173d4027fa8635e332711d2874a) on port 34453
Only local connections are allowed.
Nov 08, 2018 5:24:52 PM org.openqa.selenium.remote.ProtocolHandshake createSession
INFO: Detected dialect: OSS
[1541691043.481][SEVERE]: Timed out receiving message from renderer: 300.000
[1541691043.493][SEVERE]: Timed out receiving message from renderer: -0.022
]]></system-err>
  </testcase>
  <testcase name="testUpTo8AlphaNumericCharacters" classname="com.keywee.shorten.TestClassForService" time="109.176"/>
</testsuite>