<?xml version="1.0" encoding="UTF-8"?>
<!-- Generated by org.testng.reporters.JUnitReportReporter -->
<testsuite skipped="0" hostname="qa-erez" name="com.keywee.shorten.AppTest" tests="1" failures="0" timestamp="08 Nov 2018 15:32:33 GMT" time="0.009" errors="0">
  <testcase name="shouldAnswerWithTrue" time="0.009" classname="com.keywee.shorten.AppTest"/>
</testsuite> <!-- com.keywee.shorten.AppTest -->
